<?xml version="1.0" encoding="UTF-8"?>
<!-- Generated by org.testng.reporters.JUnitXMLReporter -->
<testsuite hostname="KASIAs-Air.att.net" ignored="0" name="KasiasPackageTests" tests="1" failures="1" timestamp="22 Jan 2018 22:40:43 GMT" time="4.296" errors="0">
  <testcase name="google1" time="4.267" classname="kasiapractice.test01">
    <failure type="java.lang.AssertionError" message="expected [Maven Repository: Search/Browse/Explore] but found [true]">
      <![CDATA[java.lang.AssertionError: expected [Maven Repository: Search/Browse/Explore] but found [true]
	at kasiapractice.test01.google1(test01.java:17)
... Removed 33 stack frames]]>
    </failure>
  </testcase> <!-- google1 -->
</testsuite> <!-- KasiasPackageTests -->
